<?xml version="1.0" encoding="UTF-8"?>
<testsuite name="JUnit Jupiter" tests="0" skipped="0" failures="0" errors="0" time="0.022" hostname="DESKTOP-D3P7MRI" timestamp="2020-06-21T16:14:07">
<properties>
<property name="awt.toolkit" value="sun.awt.windows.WToolkit"/>
<property name="file.encoding" value="windows-1252"/>
<property name="file.separator" value="\"/>
<property name="java.awt.graphicsenv" value="sun.awt.Win32GraphicsEnvironment"/>
<property name="java.class.path" value="C:\Users\Asam Alabdalah\eclipse-workspace\AllesOnlineBank\build\classes\java\test;C:\Users\Asam Alabdalah\eclipse-workspace\AllesOnlineBank\build\resources\test;C:\Users\Asam Alabdalah\eclipse-workspace\AllesOnlineBank\build\classes\java\main;C:\Users\Asam Alabdalah\eclipse-workspace\AllesOnlineBank\build\resources\main;C:\Users\Asam Alabdalah\.gradle\caches\modules-2\files-2.1\javax.servlet\javax.servlet-api\3.1.0\3cd63d075497751784b2fa84be59432f4905bf7c\javax.servlet-api-3.1.0.jar;C:\Users\Asam Alabdalah\.gradle\caches\modules-2\files-2.1\org.springframework.boot\spring-boot-starter-data-jpa\2.0.5.RELEASE\c99b58e8ada11478aa5d0c3065745b7e887f094e\spring-boot-starter-data-jpa-2.0.5.RELEASE.jar;C:\Users\Asam Alabdalah\.gradle\caches\modules-2\files-2.1\org.hibernate\hibernate-core\5.2.17.Final\f2dc36470e7a2ffcf6106bb1625ecf5b54bb5f65\hibernate-core-5.2.17.Final.jar;C:\Users\Asam Alabdalah\.gradle\caches\modules-2\files-2.1\org.javassist\javassist\3.25.0-GA\442dc1f9fd520130bd18da938622f4f9b2e5fba3\javassist-3.25.0-GA.jar;C:\Users\Asam Alabdalah\.gradle\caches\modules-2\files-2.1\mysql\mysql-connector-java\8.0.16\6088b7a25188ab4b3ab865422a8ec77ade29236\mysql-connector-java-8.0.16.jar;C:\Users\Asam Alabdalah\.gradle\caches\modules-2\files-2.1\org.springframework.boot\spring-boot-starter-web\2.0.5.RELEASE\52daa1f1509bd637a737206e54c06a17aabb9504\spring-boot-starter-web-2.0.5.RELEASE.jar;C:\Users\Asam Alabdalah\.gradle\caches\modules-2\files-2.1\io.springfox\springfox-swagger2\2.9.2\362676bc7f4c6f9f1d568741becab0dfc198c898\springfox-swagger2-2.9.2.jar;C:\Users\Asam Alabdalah\.gradle\caches\modules-2\files-2.1\io.springfox\springfox-swagger-ui\2.9.2\d542382a88ff3ea8d4032c28b2b0325797fada7d\springfox-swagger-ui-2.9.2.jar;C:\Users\Asam Alabdalah\.gradle\caches\modules-2\files-2.1\org.jeasy\easy-random-core\4.0.0\f632e6403377ab6cdd43dfb81089e925afc656bf\easy-random-core-4.0.0.jar;C:\Users\Asam Alabdalah\.gradle\caches\modules-2\files-2.1\org.glassfish.jaxb\jaxb-runtime\2.3.0\c50f1a599ff0fcf3944e7467cf3cfae1374f4fd6\jaxb-runtime-2.3.0.jar;C:\Users\Asam Alabdalah\.gradle\caches\modules-2\files-2.1\org.glassfish.jaxb\jaxb-core\2.3.0\b40bc6ae4bc14480204e143377ce6f75ebba5066\jaxb-core-2.3.0.jar;C:\Users\Asam Alabdalah\.gradle\caches\modules-2\files-2.1\javax.xml.bind\jaxb-api\2.3.1\8531ad5ac454cc2deb9d4d32c40c4d7451939b5d\jaxb-api-2.3.1.jar;C:\Users\Asam Alabdalah\.gradle\caches\modules-2\files-2.1\javax.activation\activation\1.1\e6cb541461c2834bdea3eb920f1884d1eb508b50\activation-1.1.jar;C:\Users\Asam Alabdalah\.gradle\caches\modules-2\files-2.1\junit\junit\4.12\2973d150c0dc1fefe998f834810d68f278ea58ec\junit-4.12.jar;C:\Users\Asam Alabdalah\.gradle\caches\modules-2\files-2.1\org.junit.jupiter\junit-jupiter-engine\5.0.0\811b65ec5a499732868f76c1d2a6f5786774ff82\junit-jupiter-engine-5.0.0.jar;C:\Users\Asam Alabdalah\.gradle\caches\modules-2\files-2.1\org.junit.jupiter\junit-jupiter-api\5.0.0\f7fe1b74bef74d640493781abecafba191472ad\junit-jupiter-api-5.0.0.jar;C:\Users\Asam Alabdalah\.gradle\caches\modules-2\files-2.1\com.google.protobuf\protobuf-java\3.6.1\d06d46ecfd92ec6d0f3b423b4cd81cb38d8b924\protobuf-java-3.6.1.jar;C:\Users\Asam Alabdalah\.gradle\caches\modules-2\files-2.1\org.springframework.boot\spring-boot-starter-json\2.0.5.RELEASE\d0052ded4733ceb1fb7d927238f22f9a92099227\spring-boot-starter-json-2.0.5.RELEASE.jar;C:\Users\Asam Alabdalah\.gradle\caches\modules-2\files-2.1\org.springframework.boot\spring-boot-starter-aop\2.0.5.RELEASE\6bc1e8bcc849772d48cae1e8278cd2b471361698\spring-boot-starter-aop-2.0.5.RELEASE.jar;C:\Users\Asam Alabdalah\.gradle\caches\modules-2\files-2.1\org.springframework.boot\spring-boot-starter-jdbc\2.0.5.RELEASE\9a5370acc7c5e17f4a00578211fbbd212b9a8329\spring-boot-starter-jdbc-2.0.5.RELEASE.jar;C:\Users\Asam Alabdalah\.gradle\caches\modules-2\files-2.1\org.springframework.boot\spring-boot-starter\2.0.5.RELEASE\1f53487a373be18d064a5815e9bac9882ef15cdc\spring-boot-starter-2.0.5.RELEASE.jar;C:\Users\Asam Alabdalah\.gradle\caches\modules-2\files-2.1\org.springframework.boot\spring-boot-starter-tomcat\2.0.5.RELEASE\eaac8a5d73b45400bc88cd7f6b5c99b5f0d5e9b7\spring-boot-starter-tomcat-2.0.5.RELEASE.jar;C:\Users\Asam Alabdalah\.gradle\caches\modules-2\files-2.1\org.hibernate.validator\hibernate-validator\6.0.12.Final\478003e61b056c1f97840ba3e62ff31cdc89597\hibernate-validator-6.0.12.Final.jar;C:\Users\Asam Alabdalah\.gradle\caches\modules-2\files-2.1\org.springframework\spring-webmvc\5.0.9.RELEASE\c18346caaeb8dc648c4cc01874996fd9fef76664\spring-webmvc-5.0.9.RELEASE.jar;C:\Users\Asam Alabdalah\.gradle\caches\modules-2\files-2.1\org.springframework\spring-web\5.0.9.RELEASE\1ea3aab93340849313fa74ec626ddaf1fff9ed8e\spring-web-5.0.9.RELEASE.jar;C:\Users\Asam Alabdalah\.gradle\caches\modules-2\files-2.1\javax.transaction\javax.transaction-api\1.2\d81aff979d603edd90dcd8db2abc1f4ce6479e3e\javax.transaction-api-1.2.jar;C:\Users\Asam Alabdalah\.gradle\caches\modules-2\files-2.1\org.springframework.data\spring-data-jpa\2.0.10.RELEASE\a6e644c363d050c6c90f078f4f0ac66892f60d54\spring-data-jpa-2.0.10.RELEASE.jar;C:\Users\Asam Alabdalah\.gradle\caches\modules-2\files-2.1\org.springframework\spring-aspects\5.0.9.RELEASE\dfb2da4c573391d8e8a482f08bdf4d38398e2bb0\spring-aspects-5.0.9.RELEASE.jar;C:\Users\Asam Alabdalah\.gradle\caches\modules-2\files-2.1\io.springfox\springfox-swagger-common\2.9.2\b38a41b3044af80cb7f41f67be5d158c9f6491ec\springfox-swagger-common-2.9.2.jar;C:\Users\Asam Alabdalah\.gradle\caches\modules-2\files-2.1\io.swagger\swagger-models\1.5.20\fb3a23bad80c5ed84db9dd150db2cba699531458\swagger-models-1.5.20.jar;C:\Users\Asam Alabdalah\.gradle\caches\modules-2\files-2.1\io.swagger\swagger-annotations\1.5.20\16051f93ce11ca489a5313775d825f82fcc2cd6c\swagger-annotations-1.5.20.jar;C:\Users\Asam Alabdalah\.gradle\caches\modules-2\files-2.1\io.springfox\springfox-schema\2.9.2\e268f38774b16bb51a92ccaef0dcf3dc651c0cee\springfox-schema-2.9.2.jar;C:\Users\Asam Alabdalah\.gradle\caches\modules-2\files-2.1\io.springfox\springfox-spring-web\2.9.2\ed2ed714a6cba8804d00f80f0534901e4c7a3211\springfox-spring-web-2.9.2.jar;C:\Users\Asam Alabdalah\.gradle\caches\modules-2\files-2.1\io.springfox\springfox-spi\2.9.2\6ac686190a6ceaccdae8b50d03b0501d144a6666\springfox-spi-2.9.2.jar;C:\Users\Asam Alabdalah\.gradle\caches\modules-2\files-2.1\io.springfox\springfox-core\2.9.2\2e26f58939c594fb5c958c3a1c7bedf83d2f2702\springfox-core-2.9.2.jar;C:\Users\Asam Alabdalah\.gradle\caches\modules-2\files-2.1\com.google.guava\guava\20.0\89507701249388e1ed5ddcf8c41f4ce1be7831ef\guava-20.0.jar;C:\Users\Asam Alabdalah\.gradle\caches\modules-2\files-2.1\com.fasterxml\classmate\1.3.4\3d5f48f10bbe4eb7bd862f10c0583be2e0053c6\classmate-1.3.4.jar;C:\Users\Asam Alabdalah\.gradle\caches\modules-2\files-2.1\org.springframework.plugin\spring-plugin-metadata\1.2.0.RELEASE\97223fc496b6cab31602eedbd4202aa4fff0d44f\spring-plugin-metadata-1.2.0.RELEASE.jar;C:\Users\Asam Alabdalah\.gradle\caches\modules-2\files-2.1\org.springframework.plugin\spring-plugin-core\1.2.0.RELEASE\f380e7760032e7d929184f8ad8a33716b75c0657\spring-plugin-core-1.2.0.RELEASE.jar;C:\Users\Asam Alabdalah\.gradle\caches\modules-2\files-2.1\com.zaxxer\HikariCP\2.7.9\a83113d2c091d0d0f853dad3217bd7df3beb6ae3\HikariCP-2.7.9.jar;C:\Users\Asam Alabdalah\.gradle\caches\modules-2\files-2.1\org.springframework.data\spring-data-commons\2.0.10.RELEASE\64d4e58a2b16b9446d51a2650058d821a5bce98d\spring-data-commons-2.0.10.RELEASE.jar;C:\Users\Asam Alabdalah\.gradle\caches\modules-2\files-2.1\org.springframework.boot\spring-boot-starter-logging\2.0.5.RELEASE\c353e0b9591d0765c687ff0a678478cbebfd5c23\spring-boot-starter-logging-2.0.5.RELEASE.jar;C:\Users\Asam Alabdalah\.gradle\caches\modules-2\files-2.1\ch.qos.logback\logback-classic\1.2.3\7c4f3c474fb2c041d8028740440937705ebb473a\logback-classic-1.2.3.jar;C:\Users\Asam Alabdalah\.gradle\caches\modules-2\files-2.1\org.apache.logging.log4j\log4j-to-slf4j\2.10.0\f7e631ccf49cfc0aefa4a2a728da7d374c05bd3c\log4j-to-slf4j-2.10.0.jar;C:\Users\Asam Alabdalah\.gradle\caches\modules-2\files-2.1\org.slf4j\jul-to-slf4j\1.7.25\af5364cd6679bfffb114f0dec8a157aaa283b76\jul-to-slf4j-1.7.25.jar;C:\Users\Asam Alabdalah\.gradle\caches\modules-2\files-2.1\org.slf4j\slf4j-api\1.7.25\da76ca59f6a57ee3102f8f9bd9cee742973efa8a\slf4j-api-1.7.25.jar;C:\Users\Asam Alabdalah\.gradle\caches\modules-2\files-2.1\org.mapstruct\mapstruct\1.2.0.Final\8609d6eb044e9f6c73cb24c8f2f4ed5c72a249c7\mapstruct-1.2.0.Final.jar;C:\Users\Asam Alabdalah\.gradle\caches\modules-2\files-2.1\org.objenesis\objenesis\3.0.1\11cfac598df9dc48bb9ed9357ed04212694b7808\objenesis-3.0.1.jar;C:\Users\Asam Alabdalah\.gradle\caches\modules-2\files-2.1\io.github.classgraph\classgraph\4.8.29\ca1b3ccc7cd7e40d6d933df5998208b306e73992\classgraph-4.8.29.jar;C:\Users\Asam Alabdalah\.gradle\caches\modules-2\files-2.1\com.fasterxml.jackson.datatype\jackson-datatype-jdk8\2.9.6\456895fc91bf7180b216fead220373e6278230c9\jackson-datatype-jdk8-2.9.6.jar;C:\Users\Asam Alabdalah\.gradle\caches\modules-2\files-2.1\com.fasterxml.jackson.datatype\jackson-datatype-jsr310\2.9.6\ea54f6193d224e5e5732bbd4262327eb465397c2\jackson-datatype-jsr310-2.9.6.jar;C:\Users\Asam Alabdalah\.gradle\caches\modules-2\files-2.1\com.fasterxml.jackson.module\jackson-module-parameter-names\2.9.6\129acd77a4b6ee30d62d3a0899b1344c8ec2bff8\jackson-module-parameter-names-2.9.6.jar;C:\Users\Asam Alabdalah\.gradle\caches\modules-2\files-2.1\com.fasterxml.jackson.core\jackson-databind\2.9.6\cfa4f316351a91bfd95cb0644c6a2c95f52db1fc\jackson-databind-2.9.6.jar;C:\Users\Asam Alabdalah\.gradle\caches\modules-2\files-2.1\javax.activation\javax.activation-api\1.2.0\85262acf3ca9816f9537ca47d5adeabaead7cb16\javax.activation-api-1.2.0.jar;C:\Users\Asam Alabdalah\.gradle\caches\modules-2\files-2.1\org.jvnet.staxex\stax-ex\1.7.8\377077e4441cc46be5efde9de63efdf790a59cd7\stax-ex-1.7.8.jar;C:\Users\Asam Alabdalah\.gradle\caches\modules-2\files-2.1\com.sun.xml.fastinfoset\FastInfoset\1.2.13\98f56b9354e27bd2941cc5d461344e240ae51ae\FastInfoset-1.2.13.jar;C:\Users\Asam Alabdalah\.gradle\caches\modules-2\files-2.1\org.hamcrest\hamcrest-core\1.3\42a25dc3219429f0e5d060061f71acb49bf010a0\hamcrest-core-1.3.jar;C:\Users\Asam Alabdalah\.gradle\caches\modules-2\files-2.1\org.junit.platform\junit-platform-engine\1.0.0\fdc6f63a689b894529ea5e9e218b65422748fd\junit-platform-engine-1.0.0.jar;C:\Users\Asam Alabdalah\.gradle\caches\modules-2\files-2.1\org.junit.platform\junit-platform-commons\1.0.0\d2e03d9b21020746d48fe45834ff7d71fbcbd7b2\junit-platform-commons-1.0.0.jar;C:\Users\Asam Alabdalah\.gradle\caches\modules-2\files-2.1\org.apiguardian\apiguardian-api\1.0.0\3ef5276905e36f4d8055fe3cb0bdcc7503ffc85d\apiguardian-api-1.0.0.jar;C:\Users\Asam Alabdalah\.gradle\caches\modules-2\files-2.1\org.opentest4j\opentest4j\1.0.0\6f09c598e9ff64bf0ce2fa7e7de49a99ba83c0b4\opentest4j-1.0.0.jar;C:\Users\Asam Alabdalah\.gradle\caches\modules-2\files-2.1\org.springframework.boot\spring-boot-autoconfigure\2.0.5.RELEASE\e5588642799e0c0c04638e255c3d3f31ba400ff4\spring-boot-autoconfigure-2.0.5.RELEASE.jar;C:\Users\Asam Alabdalah\.gradle\caches\modules-2\files-2.1\org.springframework.boot\spring-boot\2.0.5.RELEASE\19a4624cbd89a318d10c79f289c6c816043850fb\spring-boot-2.0.5.RELEASE.jar;C:\Users\Asam Alabdalah\.gradle\caches\modules-2\files-2.1\javax.annotation\javax.annotation-api\1.3.2\934c04d3cfef185a8008e7bf34331b79730a9d43\javax.annotation-api-1.3.2.jar;C:\Users\Asam Alabdalah\.gradle\caches\modules-2\files-2.1\org.springframework\spring-context\5.0.9.RELEASE\2501e55acb6c2e84667cda3f845d1d00a0dc4e05\spring-context-5.0.9.RELEASE.jar;C:\Users\Asam Alabdalah\.gradle\caches\modules-2\files-2.1\org.springframework\spring-aop\5.0.9.RELEASE\98003b099697fe46b6bdf18c7e3f66d7a1381060\spring-aop-5.0.9.RELEASE.jar;C:\Users\Asam Alabdalah\.gradle\caches\modules-2\files-2.1\org.springframework\spring-orm\5.0.9.RELEASE\bb9265effd7c903f4cc1c98d16b4188b7827a1cc\spring-orm-5.0.9.RELEASE.jar;C:\Users\Asam Alabdalah\.gradle\caches\modules-2\files-2.1\org.springframework\spring-jdbc\5.0.9.RELEASE\2f38726ef2f5ecb72af7e915dac43177b01a8f53\spring-jdbc-5.0.9.RELEASE.jar;C:\Users\Asam Alabdalah\.gradle\caches\modules-2\files-2.1\org.springframework\spring-tx\5.0.9.RELEASE\d3a13fc3c56bdddd8144a686ed64f0cdb3ad7305\spring-tx-5.0.9.RELEASE.jar;C:\Users\Asam Alabdalah\.gradle\caches\modules-2\files-2.1\org.springframework\spring-beans\5.0.9.RELEASE\65f56fdab1bb90ad059e314d2f2f4cf76f9bdbde\spring-beans-5.0.9.RELEASE.jar;C:\Users\Asam Alabdalah\.gradle\caches\modules-2\files-2.1\org.springframework\spring-expression\5.0.9.RELEASE\1f9db5ff3a758102c0434cc3457aa47c50c39a4a\spring-expression-5.0.9.RELEASE.jar;C:\Users\Asam Alabdalah\.gradle\caches\modules-2\files-2.1\org.springframework\spring-core\5.0.9.RELEASE\9f9a828936d81afd49a603bda9cc1aed863a0d85\spring-core-5.0.9.RELEASE.jar;C:\Users\Asam Alabdalah\.gradle\caches\modules-2\files-2.1\org.yaml\snakeyaml\1.19\2d998d3d674b172a588e54ab619854d073f555b5\snakeyaml-1.19.jar;C:\Users\Asam Alabdalah\.gradle\caches\modules-2\files-2.1\org.apache.tomcat.embed\tomcat-embed-websocket\8.5.34\5f86906367c2540b21e6aeecc277d2ce9ec939b0\tomcat-embed-websocket-8.5.34.jar;C:\Users\Asam Alabdalah\.gradle\caches\modules-2\files-2.1\org.apache.tomcat.embed\tomcat-embed-core\8.5.34\a038040d68a90397f95dd1e11b979fe364a5000f\tomcat-embed-core-8.5.34.jar;C:\Users\Asam Alabdalah\.gradle\caches\modules-2\files-2.1\org.apache.tomcat.embed\tomcat-embed-el\8.5.34\be71a9a5bdd001db7cf97c47429eec0bdd3b7b88\tomcat-embed-el-8.5.34.jar;C:\Users\Asam Alabdalah\.gradle\caches\modules-2\files-2.1\javax.validation\validation-api\2.0.1.Final\cb855558e6271b1b32e716d24cb85c7f583ce09e\validation-api-2.0.1.Final.jar;C:\Users\Asam Alabdalah\.gradle\caches\modules-2\files-2.1\org.hibernate.common\hibernate-commons-annotations\5.0.1.Final\71e1cff3fcb20d3b3af4f3363c3ddb24d33c6879\hibernate-commons-annotations-5.0.1.Final.jar;C:\Users\Asam Alabdalah\.gradle\caches\modules-2\files-2.1\org.jboss.logging\jboss-logging\3.3.2.Final\3789d00e859632e6c6206adc0c71625559e6e3b0\jboss-logging-3.3.2.Final.jar;C:\Users\Asam Alabdalah\.gradle\caches\modules-2\files-2.1\org.aspectj\aspectjweaver\1.8.13\ad94df2a28d658a40dc27bbaff6a1ce5fbf04e9b\aspectjweaver-1.8.13.jar;C:\Users\Asam Alabdalah\.gradle\caches\modules-2\files-2.1\org.hibernate.javax.persistence\hibernate-jpa-2.1-api\1.0.2.Final\52afb5762c704a6b586e27742470c08f91877fc1\hibernate-jpa-2.1-api-1.0.2.Final.jar;C:\Users\Asam Alabdalah\.gradle\caches\modules-2\files-2.1\antlr\antlr\2.7.7\83cd2cd674a217ade95a4bb83a8a14f351f48bd0\antlr-2.7.7.jar;C:\Users\Asam Alabdalah\.gradle\caches\modules-2\files-2.1\org.jboss\jandex\2.0.3.Final\bfc4d6257dbff7a33a357f0de116be6ff951d849\jandex-2.0.3.Final.jar;C:\Users\Asam Alabdalah\.gradle\caches\modules-2\files-2.1\dom4j\dom4j\1.6.1\5d3ccc056b6f056dbf0dddfdf43894b9065a8f94\dom4j-1.6.1.jar;C:\Users\Asam Alabdalah\.gradle\caches\modules-2\files-2.1\com.fasterxml.jackson.core\jackson-annotations\2.9.0\7c10d545325e3a6e72e06381afe469fd40eb701\jackson-annotations-2.9.0.jar;C:\Users\Asam Alabdalah\.gradle\caches\modules-2\files-2.1\com.fasterxml.jackson.core\jackson-core\2.9.6\4e393793c37c77e042ccc7be5a914ae39251b365\jackson-core-2.9.6.jar;C:\Users\Asam Alabdalah\.gradle\caches\modules-2\files-2.1\org.glassfish.jaxb\txw2\2.3.0\eee383097bb1aeeda6227694bcb88f3082e634bf\txw2-2.3.0.jar;C:\Users\Asam Alabdalah\.gradle\caches\modules-2\files-2.1\com.sun.istack\istack-commons-runtime\3.0.5\8052dc9920dfab5d50b8ca95c95a6ce4296a8f8b\istack-commons-runtime-3.0.5.jar;C:\Users\Asam Alabdalah\.gradle\caches\modules-2\files-2.1\org.springframework\spring-jcl\5.0.9.RELEASE\bc3b5aaae53f0bc03647e53ecbd98a05b47a4e90\spring-jcl-5.0.9.RELEASE.jar;C:\Users\Asam Alabdalah\.gradle\caches\modules-2\files-2.1\net.bytebuddy\byte-buddy\1.7.11\f02857a4e2c66ccbe7aaad6100a0a6c461bce9b3\byte-buddy-1.7.11.jar;C:\Users\Asam Alabdalah\.gradle\caches\modules-2\files-2.1\ch.qos.logback\logback-core\1.2.3\864344400c3d4d92dfeb0a305dc87d953677c03c\logback-core-1.2.3.jar;C:\Users\Asam Alabdalah\.gradle\caches\modules-2\files-2.1\org.apache.logging.log4j\log4j-api\2.10.0\fec5797a55b786184a537abd39c3fa1449d752d6\log4j-api-2.10.0.jar;C:\Users\Asam Alabdalah\.gradle\caches\modules-2\files-2.1\org.junit.platform\junit-platform-console\1.0.0\2931079616796bc4537f7e3c236f8fdfe7e51237\junit-platform-console-1.0.0.jar;C:\Users\Asam Alabdalah\.gradle\caches\modules-2\files-2.1\org.junit.platform\junit-platform-launcher\1.0.0\5602a195a442636276efefce2a4c7b418cd67e5c\junit-platform-launcher-1.0.0.jar"/>
<property name="java.class.version" value="56.0"/>
<property name="java.home" value="C:\Program Files\java\jdk-12"/>
<property name="java.io.tmpdir" value="C:\Users\ASAMAL~1\AppData\Local\Temp\"/>
<property name="java.library.path" value="C:\Program Files\java\jdk-12\bin;C:\Windows\Sun\Java\bin;C:\Windows\system32;C:\Windows;C:\Windows\system32;C:\Windows;C:\Windows\System32\Wbem;C:\Windows\System32\WindowsPowerShell\v1.0\;C:\Windows\System32\OpenSSH\;C:\Program Files\Java\jdk-12\bin;C:\Program Files\Git\cmd;C:\Program Files\nodejs\;C:\Program Files\Kubernetes\Minikube;C:\Users\Asam Alabdalah\AppData\Local\Microsoft\WindowsApps;C:\Program Files\Java\jdk-12\bin;;C:\Users\Asam Alabdalah\AppData\Roaming\npm;C:\Users\Asam Alabdalah\AppData\Local\Programs\Microsoft VS Code\bin;."/>
<property name="java.runtime.name" value="OpenJDK Runtime Environment"/>
<property name="java.runtime.version" value="12+32"/>
<property name="java.specification.name" value="Java Platform API Specification"/>
<property name="java.specification.vendor" value="Oracle Corporation"/>
<property name="java.specification.version" value="12"/>
<property name="java.vendor" value="Oracle Corporation"/>
<property name="java.vendor.url" value="https://java.oracle.com/"/>
<property name="java.vendor.url.bug" value="https://bugreport.java.com/bugreport/"/>
<property name="java.version" value="12"/>
<property name="java.version.date" value="2019-03-19"/>
<property name="java.vm.compressedOopsMode" value="32-bit"/>
<property name="java.vm.info" value="mixed mode, sharing"/>
<property name="java.vm.name" value="OpenJDK 64-Bit Server VM"/>
<property name="java.vm.specification.name" value="Java Virtual Machine Specification"/>
<property name="java.vm.specification.vendor" value="Oracle Corporation"/>
<property name="java.vm.specification.version" value="12"/>
<property name="java.vm.vendor" value="Oracle Corporation"/>
<property name="java.vm.version" value="12+32"/>
<property name="jdk.debug" value="release"/>
<property name="line.separator" value="
"/>
<property name="os.arch" value="amd64"/>
<property name="os.name" value="Windows 10"/>
<property name="os.version" value="10.0"/>
<property name="path.separator" value=";"/>
<property name="sun.arch.data.model" value="64"/>
<property name="sun.boot.library.path" value="C:\Program Files\java\jdk-12\bin"/>
<property name="sun.cpu.endian" value="little"/>
<property name="sun.cpu.isalist" value="amd64"/>
<property name="sun.desktop" value="windows"/>
<property name="sun.io.unicode.encoding" value="UnicodeLittle"/>
<property name="sun.java.command" value="org.junit.platform.console.ConsoleLauncher --details NONE --scan-class-path C:\Users\Asam Alabdalah\eclipse-workspace\AllesOnlineBank\build\classes\java\main;C:\Users\Asam Alabdalah\eclipse-workspace\AllesOnlineBank\build\resources\main;C:\Users\Asam Alabdalah\eclipse-workspace\AllesOnlineBank\build\classes\java\test;C:\Users\Asam Alabdalah\eclipse-workspace\AllesOnlineBank\build\resources\test -n ^.*Tests?$ --reports-dir C:\Users\Asam Alabdalah\eclipse-workspace\AllesOnlineBank\build\test-results\junit-platform"/>
<property name="sun.java.launcher" value="SUN_STANDARD"/>
<property name="sun.jnu.encoding" value="Cp1252"/>
<property name="sun.management.compiler" value="HotSpot 64-Bit Tiered Compilers"/>
<property name="sun.os.patch.level" value=""/>
<property name="user.country" value="DE"/>
<property name="user.dir" value="C:\Users\Asam Alabdalah\eclipse-workspace\AllesOnlineBank"/>
<property name="user.home" value="C:\Users\Asam Alabdalah"/>
<property name="user.language" value="de"/>
<property name="user.name" value="Asam Alabdalah"/>
<property name="user.script" value=""/>
<property name="user.timezone" value="Europe/Berlin"/>
<property name="user.variant" value=""/>
</properties>
<system-out><![CDATA[
unique-id: [engine:junit-jupiter]
display-name: JUnit Jupiter
]]></system-out>
</testsuite>
